<?xml version="1.0" encoding="UTF-8"?>
<!-- Generated by org.testng.reporters.JUnitReportReporter -->
<testsuite skipped="0" hostname="KNACKHYDL0127" name="com.knacksystems.driverfactory.AppTest" tests="1" failures="0" timestamp="22 Nov 2019 09:56:48 GMT" time="396.060" errors="0">
  <testcase name="kickStart" time="396.060" classname="com.knacksystems.driverfactory.AppTest"/>
</testsuite> <!-- com.knacksystems.driverfactory.AppTest -->
